2024-04-23 23:37:09,618 [Worker-5: Loading available Gradle versions] INFO  o.e.b.c.i.u.g.PublishedGradleVersions - Gradle version information cache is out-of-date. Trying to update.
2024-04-23 23:40:11,362 [Worker-8: Import Getting Started Content] INFO  o.e.m.c.i.l.LifecycleMappingFactory - Using org.eclipse.m2e.jdt.JarLifecycleMapping lifecycle mapping for MavenProject: manu_01:01_spring_app:0.0.1-SNAPSHOT @ C:\Users\abhimanyu kumar\Desktop\New folder (3)\01_spring_app\pom.xml.
2024-04-23 23:40:12,756 [Worker-8: Import Getting Started Content] INFO  o.e.m.j.i.AbstractJavaProjectConfigurator - Adding source folder /01_spring_app/src/main/java
2024-04-23 23:40:12,759 [Worker-8: Import Getting Started Content] INFO  o.e.m.j.i.AbstractJavaProjectConfigurator - Adding resource folder /01_spring_app/src/main/resources
2024-04-23 23:40:12,769 [Worker-8: Import Getting Started Content] INFO  o.e.m.j.i.AbstractJavaProjectConfigurator - Adding resource folder /01_spring_app/src/main/resources
2024-04-23 23:40:12,775 [Worker-8: Import Getting Started Content] INFO  o.e.m.j.i.AbstractJavaProjectConfigurator - Adding source folder /01_spring_app/src/test/java
2024-04-23 23:40:12,777 [Worker-8: Import Getting Started Content] INFO  o.e.m.j.i.AbstractJavaProjectConfigurator - Adding resource folder /01_spring_app/src/test/resources
2024-04-23 23:40:13,671 [Worker-8: Import Getting Started Content] INFO  o.e.m.c.i.p.ProjectConfigurationManager - Imported and configured 1 project(s) in 4 sec
2024-04-23 23:40:13,676 [Worker-8: Import Getting Started Content] INFO  o.e.m.c.i.p.ProjectConfigurationManager - Update started
2024-04-23 23:40:14,141 [Worker-8: Import Getting Started Content] INFO  o.e.m.c.i.l.LifecycleMappingFactory - Using org.eclipse.m2e.jdt.JarLifecycleMapping lifecycle mapping for MavenProject: manu_01:01_spring_app:0.0.1-SNAPSHOT @ C:\Users\abhimanyu kumar\Desktop\New folder (3)\01_spring_app\pom.xml.
2024-04-23 23:40:14,920 [Worker-8: Import Getting Started Content] INFO  o.e.m.j.i.AbstractJavaProjectConfigurator - Adding source folder /01_spring_app/src/main/java
2024-04-23 23:40:14,923 [Worker-8: Import Getting Started Content] INFO  o.e.m.j.i.AbstractJavaProjectConfigurator - Adding resource folder /01_spring_app/src/main/resources
2024-04-23 23:40:14,925 [Worker-8: Import Getting Started Content] INFO  o.e.m.j.i.AbstractJavaProjectConfigurator - Adding resource folder /01_spring_app/src/main/resources
2024-04-23 23:40:14,928 [Worker-8: Import Getting Started Content] INFO  o.e.m.j.i.AbstractJavaProjectConfigurator - Adding source folder /01_spring_app/src/test/java
2024-04-23 23:40:14,931 [Worker-8: Import Getting Started Content] INFO  o.e.m.j.i.AbstractJavaProjectConfigurator - Adding resource folder /01_spring_app/src/test/resources
2024-04-23 23:40:15,418 [Worker-8: Import Getting Started Content] INFO  o.e.m.c.i.p.ProjectConfigurationManager - Update completed for 1 poms: local refresh takes 0.00 sec, refresh facades takes 1.00 sec, update config takes 0.00 sec 
2024-04-23 23:40:16,077 [Worker-7: Building] INFO  o.a.m.s.f.DefaultMavenResourcesFiltering - Copying 1 resource from src\main\resources to target\classes
2024-04-23 23:40:16,104 [Worker-7: Building] INFO  o.a.m.s.f.DefaultMavenResourcesFiltering - Copying 0 resource from src\main\resources to target\classes
2024-04-23 23:40:16,110 [Worker-7: Building] INFO  o.a.m.s.f.DefaultMavenResourcesFiltering - skip non existing resourceDirectory C:\Users\abhimanyu kumar\Desktop\New folder (3)\01_spring_app\src\test\resources
2024-04-23 23:42:44,441 [Worker-6: Building] INFO  o.a.m.s.f.DefaultMavenResourcesFiltering - Copying 1 resource from src\main\resources to target\classes
2024-04-23 23:42:44,462 [Worker-6: Building] INFO  o.a.m.s.f.DefaultMavenResourcesFiltering - Copying 0 resource from src\main\resources to target\classes
2024-04-23 23:42:44,472 [Worker-6: Building] INFO  o.a.m.s.f.DefaultMavenResourcesFiltering - skip non existing resourceDirectory C:\Users\abhimanyu kumar\Desktop\New folder (3)\01_spring_app\src\test\resources
2024-04-23 23:45:05,797 [Worker-1: Building] INFO  o.a.m.s.f.DefaultMavenResourcesFiltering - Copying 1 resource from src\main\resources to target\classes
2024-04-23 23:45:05,805 [Worker-1: Building] INFO  o.a.m.s.f.DefaultMavenResourcesFiltering - Copying 0 resource from src\main\resources to target\classes
2024-04-23 23:45:05,810 [Worker-1: Building] INFO  o.a.m.s.f.DefaultMavenResourcesFiltering - skip non existing resourceDirectory C:\Users\abhimanyu kumar\Desktop\New folder (3)\01_spring_app\src\test\resources
2024-04-23 23:47:07,939 [Worker-1: Loading available Gradle versions] INFO  o.e.b.c.i.u.g.PublishedGradleVersions - Gradle version information cache is up-to-date. Trying to read.
2024-04-23 23:59:05,329 [Worker-13: Building] INFO  o.a.m.s.f.DefaultMavenResourcesFiltering - Copying 1 resource from src\main\resources to target\classes
2024-04-23 23:59:05,353 [Worker-13: Building] INFO  o.a.m.s.f.DefaultMavenResourcesFiltering - Copying 0 resource from src\main\resources to target\classes
2024-04-23 23:59:05,364 [Worker-13: Building] INFO  o.a.m.s.f.DefaultMavenResourcesFiltering - skip non existing resourceDirectory C:\Users\abhimanyu kumar\Desktop\New folder (3)\01_spring_app\src\test\resources
2024-04-23 23:59:52,890 [Worker-0: Loading available Gradle versions] INFO  o.e.b.c.i.u.g.PublishedGradleVersions - Gradle version information cache is up-to-date. Trying to read.
2024-04-24 00:00:30,539 [Worker-15: Launching 01_spring_app - Application] INFO  o.a.m.s.f.DefaultMavenResourcesFiltering - Copying 1 resource from src\main\resources to target\classes
2024-04-24 00:00:30,558 [Worker-15: Launching 01_spring_app - Application] INFO  o.a.m.s.f.DefaultMavenResourcesFiltering - Copying 0 resource from src\main\resources to target\classes
2024-04-24 00:00:30,566 [Worker-15: Launching 01_spring_app - Application] INFO  o.a.m.s.f.DefaultMavenResourcesFiltering - skip non existing resourceDirectory C:\Users\abhimanyu kumar\Desktop\New folder (3)\01_spring_app\src\test\resources
2024-04-24 00:05:50,542 [Worker-8: Building] INFO  o.a.m.s.f.DefaultMavenResourcesFiltering - Copying 1 resource from src\main\resources to target\classes
2024-04-24 00:05:50,557 [Worker-8: Building] INFO  o.a.m.s.f.DefaultMavenResourcesFiltering - Copying 0 resource from src\main\resources to target\classes
2024-04-24 00:05:50,563 [Worker-8: Building] INFO  o.a.m.s.f.DefaultMavenResourcesFiltering - skip non existing resourceDirectory C:\Users\abhimanyu kumar\Desktop\New folder (3)\01_spring_app\src\test\resources
2024-04-24 00:07:35,584 [Worker-20: Building] INFO  o.a.m.s.f.DefaultMavenResourcesFiltering - Copying 1 resource from src\main\resources to target\classes
2024-04-24 00:07:35,590 [Worker-20: Building] INFO  o.a.m.s.f.DefaultMavenResourcesFiltering - Copying 0 resource from src\main\resources to target\classes
2024-04-24 00:07:35,595 [Worker-20: Building] INFO  o.a.m.s.f.DefaultMavenResourcesFiltering - skip non existing resourceDirectory C:\Users\abhimanyu kumar\Desktop\New folder (3)\01_spring_app\src\test\resources
2024-04-24 13:18:44,261 [Worker-2: Loading available Gradle versions] INFO  o.e.b.c.i.u.g.PublishedGradleVersions - Gradle version information cache is up-to-date. Trying to read.
2024-04-24 13:19:25,444 [Worker-10: Building] INFO  o.a.m.s.f.DefaultMavenResourcesFiltering - Copying 1 resource from src\main\resources to target\classes
2024-04-24 13:19:25,480 [Worker-10: Building] INFO  o.a.m.s.f.DefaultMavenResourcesFiltering - Copying 0 resource from src\main\resources to target\classes
2024-04-24 13:19:25,488 [Worker-10: Building] INFO  o.a.m.s.f.DefaultMavenResourcesFiltering - skip non existing resourceDirectory C:\Users\abhimanyu kumar\Desktop\New folder (3)\01_spring_app\src\test\resources
2024-04-24 13:48:03,611 [Start Help Server] INFO  org.eclipse.jetty.server.Server - jetty-12.0.6; built: 2024-01-30T02:43:24.387Z; git: 78ab6e6ba163f89cdd97f2ae0283fbb5e371cfaf; jvm 17.0.10+7
2024-04-24 13:48:03,703 [Start Help Server] INFO  o.e.j.server.handler.ContextHandler - Started oeje8n.ContextHandler$CoreContextHandler@162cc06b{/help,/help,b=null,a=AVAILABLE,h=oeje8n.ContextHandler$CoreContextHandler$CoreToNestedHandler@66ddf2e5{STARTED}}
2024-04-24 13:48:03,704 [Start Help Server] INFO  o.e.j.s.DefaultSessionIdManager - Session workerName=node0
2024-04-24 13:48:03,755 [Start Help Server] INFO  o.e.jetty.server.AbstractConnector - Started ServerConnector@37e6c40b{HTTP/1.1, (http/1.1)}{127.0.0.1:58374}
2024-04-24 13:48:03,788 [Start Help Server] INFO  org.eclipse.jetty.server.Server - Started oejs.Server@7a4df49e{STARTING}[12.0.6,sto=0] @1807828ms
2024-04-24 16:32:42,199 [Stop Help Server] INFO  org.eclipse.jetty.server.Server - Stopped oejs.Server@7a4df49e{STOPPING}[12.0.6,sto=0]
2024-04-24 16:32:42,216 [Stop Help Server] INFO  o.e.jetty.server.AbstractConnector - Stopped ServerConnector@37e6c40b{HTTP/1.1, (http/1.1)}{127.0.0.1:0}
2024-04-24 17:58:44,345 [Worker-2: Loading available Gradle versions] INFO  o.e.b.c.i.u.g.PublishedGradleVersions - Gradle version information cache is up-to-date. Trying to read.
2024-04-24 18:01:03,802 [Worker-1: Building] INFO  o.a.m.s.f.DefaultMavenResourcesFiltering - Copying 1 resource from src\main\resources to target\classes
2024-04-24 18:01:03,822 [Worker-1: Building] INFO  o.a.m.s.f.DefaultMavenResourcesFiltering - Copying 0 resource from src\main\resources to target\classes
2024-04-24 18:01:03,827 [Worker-1: Building] INFO  o.a.m.s.f.DefaultMavenResourcesFiltering - skip non existing resourceDirectory C:\Users\abhimanyu kumar\Desktop\New folder (3)\01_spring_app\src\test\resources
2024-04-25 00:55:45,645 [Worker-1: Loading available Gradle versions] INFO  o.e.b.c.i.u.g.PublishedGradleVersions - Gradle version information cache is out-of-date. Trying to update.
2024-04-25 00:55:46,083 [Worker-1: Loading available Gradle versions] INFO  o.e.b.c.i.u.g.PublishedGradleVersions - Updating Gradle version information cache failed. Using outdated cache.
2024-04-25 00:59:53,736 [Start Help Server] INFO  org.eclipse.jetty.server.Server - jetty-12.0.6; built: 2024-01-30T02:43:24.387Z; git: 78ab6e6ba163f89cdd97f2ae0283fbb5e371cfaf; jvm 17.0.10+7
2024-04-25 00:59:53,803 [Start Help Server] INFO  o.e.j.server.handler.ContextHandler - Started oeje8n.ContextHandler$CoreContextHandler@4139fed6{/help,/help,b=null,a=AVAILABLE,h=oeje8n.ContextHandler$CoreContextHandler$CoreToNestedHandler@5716ddad{STARTED}}
2024-04-25 00:59:53,804 [Start Help Server] INFO  o.e.j.s.DefaultSessionIdManager - Session workerName=node0
2024-04-25 00:59:53,833 [Start Help Server] INFO  o.e.jetty.server.AbstractConnector - Started ServerConnector@48681184{HTTP/1.1, (http/1.1)}{127.0.0.1:49854}
2024-04-25 00:59:53,851 [Start Help Server] INFO  org.eclipse.jetty.server.Server - Started oejs.Server@6e1bb738{STARTING}[12.0.6,sto=0] @298354ms
2024-04-25 01:09:26,800 [Worker-2: Launching 01_spring_app - Application] INFO  o.a.m.s.f.DefaultMavenResourcesFiltering - Copying 1 resource from src\main\resources to target\classes
2024-04-25 01:09:26,819 [Worker-2: Launching 01_spring_app - Application] INFO  o.a.m.s.f.DefaultMavenResourcesFiltering - Copying 0 resource from src\main\resources to target\classes
2024-04-25 01:09:26,826 [Worker-2: Launching 01_spring_app - Application] INFO  o.a.m.s.f.DefaultMavenResourcesFiltering - skip non existing resourceDirectory C:\Users\abhimanyu kumar\Desktop\New folder (3)\01_spring_app\src\test\resources
2024-04-25 01:16:09,687 [Worker-19: Building] INFO  o.e.m.c.i.l.LifecycleMappingFactory - Using org.eclipse.m2e.jdt.JarLifecycleMapping lifecycle mapping for MavenProject: manu_01:01_spring_app:0.0.1-SNAPSHOT @ C:\Users\abhimanyu kumar\Desktop\New folder (3)\01_spring_app\pom.xml.
2024-04-25 01:16:10,240 [Worker-19: Building] INFO  o.a.m.s.f.DefaultMavenResourcesFiltering - Copying 0 resource from src\main\resources to target\classes
2024-04-25 01:16:10,242 [Worker-19: Building] INFO  o.a.m.s.f.DefaultMavenResourcesFiltering - Copying 0 resource from src\main\resources to target\classes
2024-04-25 01:16:10,246 [Worker-19: Building] INFO  o.a.m.s.f.DefaultMavenResourcesFiltering - skip non existing resourceDirectory C:\Users\abhimanyu kumar\Desktop\New folder (3)\01_spring_app\src\test\resources
2024-04-25 01:16:11,604 [Worker-23: Building] INFO  o.a.m.s.f.DefaultMavenResourcesFiltering - Copying 1 resource from src\main\resources to target\classes
2024-04-25 01:16:11,626 [Worker-23: Building] INFO  o.a.m.s.f.DefaultMavenResourcesFiltering - Copying 0 resource from src\main\resources to target\classes
2024-04-25 01:16:11,631 [Worker-23: Building] INFO  o.a.m.s.f.DefaultMavenResourcesFiltering - skip non existing resourceDirectory C:\Users\abhimanyu kumar\Desktop\New folder (3)\01_spring_app\src\test\resources
2024-04-25 01:17:12,857 [Worker-23: Building] INFO  o.a.m.s.f.DefaultMavenResourcesFiltering - Copying 1 resource from src\main\resources to target\classes
2024-04-25 01:17:12,871 [Worker-23: Building] INFO  o.a.m.s.f.DefaultMavenResourcesFiltering - Copying 0 resource from src\main\resources to target\classes
2024-04-25 01:17:12,878 [Worker-23: Building] INFO  o.a.m.s.f.DefaultMavenResourcesFiltering - skip non existing resourceDirectory C:\Users\abhimanyu kumar\Desktop\New folder (3)\01_spring_app\src\test\resources
2024-04-25 01:26:00,799 [Worker-27: Launching 01_spring_app - Application] INFO  o.a.m.s.f.DefaultMavenResourcesFiltering - Copying 1 resource from src\main\resources to target\classes
2024-04-25 01:26:00,809 [Worker-27: Launching 01_spring_app - Application] INFO  o.a.m.s.f.DefaultMavenResourcesFiltering - Copying 0 resource from src\main\resources to target\classes
2024-04-25 01:26:00,814 [Worker-27: Launching 01_spring_app - Application] INFO  o.a.m.s.f.DefaultMavenResourcesFiltering - skip non existing resourceDirectory C:\Users\abhimanyu kumar\Desktop\New folder (3)\01_spring_app\src\test\resources
2024-04-25 01:26:41,665 [Worker-31: Launching 01_spring_app - Application] INFO  o.a.m.s.f.DefaultMavenResourcesFiltering - Copying 1 resource from src\main\resources to target\classes
2024-04-25 01:26:41,678 [Worker-31: Launching 01_spring_app - Application] INFO  o.a.m.s.f.DefaultMavenResourcesFiltering - Copying 0 resource from src\main\resources to target\classes
2024-04-25 01:26:41,684 [Worker-31: Launching 01_spring_app - Application] INFO  o.a.m.s.f.DefaultMavenResourcesFiltering - skip non existing resourceDirectory C:\Users\abhimanyu kumar\Desktop\New folder (3)\01_spring_app\src\test\resources
2024-04-25 01:37:15,256 [Worker-32: Launching 01_spring_app - Application] INFO  o.a.m.s.f.DefaultMavenResourcesFiltering - Copying 1 resource from src\main\resources to target\classes
2024-04-25 01:37:15,264 [Worker-32: Launching 01_spring_app - Application] INFO  o.a.m.s.f.DefaultMavenResourcesFiltering - Copying 0 resource from src\main\resources to target\classes
2024-04-25 01:37:15,270 [Worker-32: Launching 01_spring_app - Application] INFO  o.a.m.s.f.DefaultMavenResourcesFiltering - skip non existing resourceDirectory C:\Users\abhimanyu kumar\Desktop\New folder (3)\01_spring_app\src\test\resources
2024-04-25 01:44:02,806 [Stop Help Server] INFO  org.eclipse.jetty.server.Server - Stopped oejs.Server@6e1bb738{STOPPING}[12.0.6,sto=0]
2024-04-25 01:44:02,809 [Stop Help Server] INFO  o.e.jetty.server.AbstractConnector - Stopped ServerConnector@48681184{HTTP/1.1, (http/1.1)}{127.0.0.1:0}
2024-04-25 12:55:24,643 [Worker-1: Loading available Gradle versions] INFO  o.e.b.c.i.u.g.PublishedGradleVersions - Gradle version information cache is out-of-date. Trying to update.
2024-04-25 12:57:36,912 [Worker-14: Building] INFO  o.a.m.s.f.DefaultMavenResourcesFiltering - Copying 1 resource from src\main\resources to target\classes
2024-04-25 12:57:36,936 [Worker-14: Building] INFO  o.a.m.s.f.DefaultMavenResourcesFiltering - Copying 0 resource from src\main\resources to target\classes
2024-04-25 12:57:36,943 [Worker-14: Building] INFO  o.a.m.s.f.DefaultMavenResourcesFiltering - skip non existing resourceDirectory C:\Users\abhimanyu kumar\Desktop\New folder (3)\01_spring_app\src\test\resources
2024-04-25 12:58:37,740 [Start Help Server] INFO  org.eclipse.jetty.server.Server - jetty-12.0.6; built: 2024-01-30T02:43:24.387Z; git: 78ab6e6ba163f89cdd97f2ae0283fbb5e371cfaf; jvm 17.0.10+7
2024-04-25 12:58:37,809 [Start Help Server] INFO  o.e.j.server.handler.ContextHandler - Started oeje8n.ContextHandler$CoreContextHandler@116a9b3f{/help,/help,b=null,a=AVAILABLE,h=oeje8n.ContextHandler$CoreContextHandler$CoreToNestedHandler@5c544671{STARTED}}
2024-04-25 12:58:37,810 [Start Help Server] INFO  o.e.j.s.DefaultSessionIdManager - Session workerName=node0
2024-04-25 12:58:37,850 [Start Help Server] INFO  o.e.jetty.server.AbstractConnector - Started ServerConnector@39ff6601{HTTP/1.1, (http/1.1)}{127.0.0.1:50961}
2024-04-25 12:58:37,870 [Start Help Server] INFO  org.eclipse.jetty.server.Server - Started oejs.Server@5d36a759{STARTING}[12.0.6,sto=0] @210438ms
2024-04-25 12:58:57,076 [Worker-4: Launching 01_spring_app - Application] INFO  o.a.m.s.f.DefaultMavenResourcesFiltering - Copying 1 resource from src\main\resources to target\classes
2024-04-25 12:58:57,084 [Worker-4: Launching 01_spring_app - Application] INFO  o.a.m.s.f.DefaultMavenResourcesFiltering - Copying 0 resource from src\main\resources to target\classes
2024-04-25 12:58:57,091 [Worker-4: Launching 01_spring_app - Application] INFO  o.a.m.s.f.DefaultMavenResourcesFiltering - skip non existing resourceDirectory C:\Users\abhimanyu kumar\Desktop\New folder (3)\01_spring_app\src\test\resources
2024-04-25 12:59:35,345 [Worker-8: Launching 01_spring_app - Application] INFO  o.a.m.s.f.DefaultMavenResourcesFiltering - Copying 1 resource from src\main\resources to target\classes
2024-04-25 12:59:35,363 [Worker-8: Launching 01_spring_app - Application] INFO  o.a.m.s.f.DefaultMavenResourcesFiltering - Copying 0 resource from src\main\resources to target\classes
2024-04-25 12:59:35,370 [Worker-8: Launching 01_spring_app - Application] INFO  o.a.m.s.f.DefaultMavenResourcesFiltering - skip non existing resourceDirectory C:\Users\abhimanyu kumar\Desktop\New folder (3)\01_spring_app\src\test\resources
2024-04-25 13:11:09,723 [Worker-10: Building] INFO  o.a.m.s.f.DefaultMavenResourcesFiltering - Copying 1 resource from src\main\resources to target\classes
2024-04-25 13:11:09,730 [Worker-10: Building] INFO  o.a.m.s.f.DefaultMavenResourcesFiltering - Copying 0 resource from src\main\resources to target\classes
2024-04-25 13:11:09,737 [Worker-10: Building] INFO  o.a.m.s.f.DefaultMavenResourcesFiltering - skip non existing resourceDirectory C:\Users\abhimanyu kumar\Desktop\New folder (3)\01_spring_app\src\test\resources
2024-04-25 13:27:31,667 [Worker-18: Building] INFO  o.a.m.s.f.DefaultMavenResourcesFiltering - Copying 1 resource from src\main\resources to target\classes
2024-04-25 13:27:31,681 [Worker-18: Building] INFO  o.a.m.s.f.DefaultMavenResourcesFiltering - Copying 0 resource from src\main\resources to target\classes
2024-04-25 13:27:31,684 [Worker-18: Building] INFO  o.a.m.s.f.DefaultMavenResourcesFiltering - skip non existing resourceDirectory C:\Users\abhimanyu kumar\Desktop\New folder (3)\01_spring_app\src\test\resources
2024-04-25 13:29:22,716 [Worker-18: Launching 01_spring_app - Application] INFO  o.a.m.s.f.DefaultMavenResourcesFiltering - Copying 1 resource from src\main\resources to target\classes
2024-04-25 13:29:22,736 [Worker-18: Launching 01_spring_app - Application] INFO  o.a.m.s.f.DefaultMavenResourcesFiltering - Copying 0 resource from src\main\resources to target\classes
2024-04-25 13:29:22,741 [Worker-18: Launching 01_spring_app - Application] INFO  o.a.m.s.f.DefaultMavenResourcesFiltering - skip non existing resourceDirectory C:\Users\abhimanyu kumar\Desktop\New folder (3)\01_spring_app\src\test\resources
2024-04-25 13:30:03,678 [Worker-7: Building] INFO  o.a.m.s.f.DefaultMavenResourcesFiltering - Copying 1 resource from src\main\resources to target\classes
2024-04-25 13:30:03,683 [Worker-7: Building] INFO  o.a.m.s.f.DefaultMavenResourcesFiltering - Copying 0 resource from src\main\resources to target\classes
2024-04-25 13:30:03,687 [Worker-7: Building] INFO  o.a.m.s.f.DefaultMavenResourcesFiltering - skip non existing resourceDirectory C:\Users\abhimanyu kumar\Desktop\New folder (3)\01_spring_app\src\test\resources
2024-04-25 13:32:06,939 [Worker-19: Building] INFO  o.a.m.s.f.DefaultMavenResourcesFiltering - Copying 1 resource from src\main\resources to target\classes
2024-04-25 13:32:06,948 [Worker-19: Building] INFO  o.a.m.s.f.DefaultMavenResourcesFiltering - Copying 0 resource from src\main\resources to target\classes
2024-04-25 13:32:06,953 [Worker-19: Building] INFO  o.a.m.s.f.DefaultMavenResourcesFiltering - skip non existing resourceDirectory C:\Users\abhimanyu kumar\Desktop\New folder (3)\01_spring_app\src\test\resources
2024-04-25 13:33:10,831 [Worker-20: Building] INFO  o.a.m.s.f.DefaultMavenResourcesFiltering - Copying 1 resource from src\main\resources to target\classes
2024-04-25 13:33:10,838 [Worker-20: Building] INFO  o.a.m.s.f.DefaultMavenResourcesFiltering - Copying 0 resource from src\main\resources to target\classes
2024-04-25 13:33:10,842 [Worker-20: Building] INFO  o.a.m.s.f.DefaultMavenResourcesFiltering - skip non existing resourceDirectory C:\Users\abhimanyu kumar\Desktop\New folder (3)\01_spring_app\src\test\resources
2024-04-25 13:35:14,865 [Worker-24: Launching 01_spring_app - Application] INFO  o.a.m.s.f.DefaultMavenResourcesFiltering - Copying 1 resource from src\main\resources to target\classes
2024-04-25 13:35:14,872 [Worker-24: Launching 01_spring_app - Application] INFO  o.a.m.s.f.DefaultMavenResourcesFiltering - Copying 0 resource from src\main\resources to target\classes
2024-04-25 13:35:14,877 [Worker-24: Launching 01_spring_app - Application] INFO  o.a.m.s.f.DefaultMavenResourcesFiltering - skip non existing resourceDirectory C:\Users\abhimanyu kumar\Desktop\New folder (3)\01_spring_app\src\test\resources
2024-04-25 13:36:17,616 [Worker-21: Building] INFO  o.a.m.s.f.DefaultMavenResourcesFiltering - Copying 1 resource from src\main\resources to target\classes
2024-04-25 13:36:17,623 [Worker-21: Building] INFO  o.a.m.s.f.DefaultMavenResourcesFiltering - Copying 0 resource from src\main\resources to target\classes
2024-04-25 13:36:17,628 [Worker-21: Building] INFO  o.a.m.s.f.DefaultMavenResourcesFiltering - skip non existing resourceDirectory C:\Users\abhimanyu kumar\Desktop\New folder (3)\01_spring_app\src\test\resources
2024-04-25 13:37:15,217 [Worker-19: Building] INFO  o.a.m.s.f.DefaultMavenResourcesFiltering - Copying 1 resource from src\main\resources to target\classes
2024-04-25 13:37:15,222 [Worker-19: Building] INFO  o.a.m.s.f.DefaultMavenResourcesFiltering - Copying 0 resource from src\main\resources to target\classes
2024-04-25 13:37:15,224 [Worker-19: Building] INFO  o.a.m.s.f.DefaultMavenResourcesFiltering - skip non existing resourceDirectory C:\Users\abhimanyu kumar\Desktop\New folder (3)\01_spring_app\src\test\resources
2024-04-25 13:37:59,695 [Worker-18: Building] INFO  o.a.m.s.f.DefaultMavenResourcesFiltering - Copying 1 resource from src\main\resources to target\classes
2024-04-25 13:37:59,703 [Worker-18: Building] INFO  o.a.m.s.f.DefaultMavenResourcesFiltering - Copying 0 resource from src\main\resources to target\classes
2024-04-25 13:37:59,707 [Worker-18: Building] INFO  o.a.m.s.f.DefaultMavenResourcesFiltering - skip non existing resourceDirectory C:\Users\abhimanyu kumar\Desktop\New folder (3)\01_spring_app\src\test\resources
2024-04-25 15:18:23,402 [Worker-25: Building] INFO  o.a.m.s.f.DefaultMavenResourcesFiltering - Copying 1 resource from src\main\resources to target\classes
2024-04-25 15:18:23,426 [Worker-25: Building] INFO  o.a.m.s.f.DefaultMavenResourcesFiltering - Copying 0 resource from src\main\resources to target\classes
2024-04-25 15:18:23,432 [Worker-25: Building] INFO  o.a.m.s.f.DefaultMavenResourcesFiltering - skip non existing resourceDirectory C:\Users\abhimanyu kumar\Desktop\New folder (3)\01_spring_app\src\test\resources
2024-04-25 15:18:24,562 [Stop Help Server] INFO  org.eclipse.jetty.server.Server - Stopped oejs.Server@5d36a759{STOPPING}[12.0.6,sto=0]
2024-04-25 15:18:24,590 [Stop Help Server] INFO  o.e.jetty.server.AbstractConnector - Stopped ServerConnector@39ff6601{HTTP/1.1, (http/1.1)}{127.0.0.1:0}
2024-04-25 21:15:01,945 [Worker-4: Loading available Gradle versions] INFO  o.e.b.c.i.u.g.PublishedGradleVersions - Gradle version information cache is up-to-date. Trying to read.
2024-04-25 21:18:41,198 [Worker-0: Import Getting Started Content] INFO  o.e.m.c.i.l.LifecycleMappingFactory - Using org.eclipse.m2e.jdt.JarLifecycleMapping lifecycle mapping for MavenProject: manu_01:02_spring_app:0.0.1-SNAPSHOT @ C:\Users\abhimanyu kumar\Desktop\New folder (3)\02_spring_app\pom.xml.
2024-04-25 21:18:42,939 [Worker-0: Import Getting Started Content] INFO  o.e.m.j.i.AbstractJavaProjectConfigurator - Adding source folder /02_spring_app/src/main/java
2024-04-25 21:18:42,942 [Worker-0: Import Getting Started Content] INFO  o.e.m.j.i.AbstractJavaProjectConfigurator - Adding resource folder /02_spring_app/src/main/resources
2024-04-25 21:18:42,951 [Worker-0: Import Getting Started Content] INFO  o.e.m.j.i.AbstractJavaProjectConfigurator - Adding resource folder /02_spring_app/src/main/resources
2024-04-25 21:18:42,960 [Worker-0: Import Getting Started Content] INFO  o.e.m.j.i.AbstractJavaProjectConfigurator - Adding source folder /02_spring_app/src/test/java
2024-04-25 21:18:42,961 [Worker-0: Import Getting Started Content] INFO  o.e.m.j.i.AbstractJavaProjectConfigurator - Adding resource folder /02_spring_app/src/test/resources
2024-04-25 21:18:43,264 [Worker-0: Import Getting Started Content] INFO  o.e.m.c.i.p.ProjectConfigurationManager - Imported and configured 1 project(s) in 4 sec
2024-04-25 21:18:43,268 [Worker-0: Import Getting Started Content] INFO  o.e.m.c.i.p.ProjectConfigurationManager - Update started
2024-04-25 21:18:43,717 [Worker-0: Import Getting Started Content] INFO  o.e.m.c.i.l.LifecycleMappingFactory - Using org.eclipse.m2e.jdt.JarLifecycleMapping lifecycle mapping for MavenProject: manu_01:02_spring_app:0.0.1-SNAPSHOT @ C:\Users\abhimanyu kumar\Desktop\New folder (3)\02_spring_app\pom.xml.
2024-04-25 21:18:44,151 [Worker-0: Import Getting Started Content] INFO  o.e.m.j.i.AbstractJavaProjectConfigurator - Adding source folder /02_spring_app/src/main/java
2024-04-25 21:18:44,152 [Worker-0: Import Getting Started Content] INFO  o.e.m.j.i.AbstractJavaProjectConfigurator - Adding resource folder /02_spring_app/src/main/resources
2024-04-25 21:18:44,153 [Worker-0: Import Getting Started Content] INFO  o.e.m.j.i.AbstractJavaProjectConfigurator - Adding resource folder /02_spring_app/src/main/resources
2024-04-25 21:18:44,153 [Worker-0: Import Getting Started Content] INFO  o.e.m.j.i.AbstractJavaProjectConfigurator - Adding source folder /02_spring_app/src/test/java
2024-04-25 21:18:44,154 [Worker-0: Import Getting Started Content] INFO  o.e.m.j.i.AbstractJavaProjectConfigurator - Adding resource folder /02_spring_app/src/test/resources
2024-04-25 21:18:44,530 [Worker-0: Import Getting Started Content] INFO  o.e.m.c.i.p.ProjectConfigurationManager - Update completed for 1 poms: local refresh takes 0.00 sec, refresh facades takes 0.00 sec, update config takes 0.00 sec 
2024-04-25 21:18:45,130 [Worker-10: Building] INFO  o.a.m.s.f.DefaultMavenResourcesFiltering - Copying 1 resource from src\main\resources to target\classes
2024-04-25 21:18:45,156 [Worker-10: Building] INFO  o.a.m.s.f.DefaultMavenResourcesFiltering - Copying 0 resource from src\main\resources to target\classes
2024-04-25 21:18:45,161 [Worker-10: Building] INFO  o.a.m.s.f.DefaultMavenResourcesFiltering - skip non existing resourceDirectory C:\Users\abhimanyu kumar\Desktop\New folder (3)\02_spring_app\src\test\resources
2024-04-25 21:19:55,466 [Worker-5: Building] INFO  o.a.m.s.f.DefaultMavenResourcesFiltering - Copying 1 resource from src\main\resources to target\classes
2024-04-25 21:19:55,473 [Worker-5: Building] INFO  o.a.m.s.f.DefaultMavenResourcesFiltering - Copying 0 resource from src\main\resources to target\classes
2024-04-25 21:19:55,478 [Worker-5: Building] INFO  o.a.m.s.f.DefaultMavenResourcesFiltering - skip non existing resourceDirectory C:\Users\abhimanyu kumar\Desktop\New folder (3)\02_spring_app\src\test\resources
2024-04-25 21:32:12,758 [Worker-16: Building] INFO  o.a.m.s.f.DefaultMavenResourcesFiltering - Copying 1 resource from src\main\resources to target\classes
2024-04-25 21:32:12,766 [Worker-16: Building] INFO  o.a.m.s.f.DefaultMavenResourcesFiltering - Copying 0 resource from src\main\resources to target\classes
2024-04-25 21:32:12,771 [Worker-16: Building] INFO  o.a.m.s.f.DefaultMavenResourcesFiltering - skip non existing resourceDirectory C:\Users\abhimanyu kumar\Desktop\New folder (3)\02_spring_app\src\test\resources
2024-04-25 21:34:09,573 [Worker-19: Building] INFO  o.a.m.s.f.DefaultMavenResourcesFiltering - Copying 1 resource from src\main\resources to target\classes
2024-04-25 21:34:09,582 [Worker-19: Building] INFO  o.a.m.s.f.DefaultMavenResourcesFiltering - Copying 0 resource from src\main\resources to target\classes
2024-04-25 21:34:09,587 [Worker-19: Building] INFO  o.a.m.s.f.DefaultMavenResourcesFiltering - skip non existing resourceDirectory C:\Users\abhimanyu kumar\Desktop\New folder (3)\02_spring_app\src\test\resources
2024-04-25 21:35:51,025 [Worker-20: Building] INFO  o.a.m.s.f.DefaultMavenResourcesFiltering - Copying 1 resource from src\main\resources to target\classes
2024-04-25 21:35:51,035 [Worker-20: Building] INFO  o.a.m.s.f.DefaultMavenResourcesFiltering - Copying 0 resource from src\main\resources to target\classes
2024-04-25 21:35:51,040 [Worker-20: Building] INFO  o.a.m.s.f.DefaultMavenResourcesFiltering - skip non existing resourceDirectory C:\Users\abhimanyu kumar\Desktop\New folder (3)\02_spring_app\src\test\resources
2024-04-25 21:44:04,260 [Start Help Server] INFO  org.eclipse.jetty.server.Server - jetty-12.0.6; built: 2024-01-30T02:43:24.387Z; git: 78ab6e6ba163f89cdd97f2ae0283fbb5e371cfaf; jvm 17.0.10+7
2024-04-25 21:44:04,338 [Start Help Server] INFO  o.e.j.server.handler.ContextHandler - Started oeje8n.ContextHandler$CoreContextHandler@1d9d060c{/help,/help,b=null,a=AVAILABLE,h=oeje8n.ContextHandler$CoreContextHandler$CoreToNestedHandler@24099f4c{STARTED}}
2024-04-25 21:44:04,339 [Start Help Server] INFO  o.e.j.s.DefaultSessionIdManager - Session workerName=node0
2024-04-25 21:44:04,375 [Start Help Server] INFO  o.e.jetty.server.AbstractConnector - Started ServerConnector@143ba92b{HTTP/1.1, (http/1.1)}{127.0.0.1:57394}
2024-04-25 21:44:04,399 [Start Help Server] INFO  org.eclipse.jetty.server.Server - Started oejs.Server@6eff232b{STARTING}[12.0.6,sto=0] @1787494ms
2024-04-25 21:44:38,538 [Worker-21: Launching 02_spring_app - Application] INFO  o.a.m.s.f.DefaultMavenResourcesFiltering - Copying 1 resource from src\main\resources to target\classes
2024-04-25 21:44:38,546 [Worker-21: Launching 02_spring_app - Application] INFO  o.a.m.s.f.DefaultMavenResourcesFiltering - Copying 0 resource from src\main\resources to target\classes
2024-04-25 21:44:38,551 [Worker-21: Launching 02_spring_app - Application] INFO  o.a.m.s.f.DefaultMavenResourcesFiltering - skip non existing resourceDirectory C:\Users\abhimanyu kumar\Desktop\New folder (3)\02_spring_app\src\test\resources
2024-04-25 21:48:04,088 [Worker-21: Building] INFO  o.a.m.s.f.DefaultMavenResourcesFiltering - Copying 1 resource from src\main\resources to target\classes
2024-04-25 21:48:04,095 [Worker-21: Building] INFO  o.a.m.s.f.DefaultMavenResourcesFiltering - Copying 0 resource from src\main\resources to target\classes
2024-04-25 21:48:04,099 [Worker-21: Building] INFO  o.a.m.s.f.DefaultMavenResourcesFiltering - skip non existing resourceDirectory C:\Users\abhimanyu kumar\Desktop\New folder (3)\02_spring_app\src\test\resources
2024-04-25 21:48:12,738 [Worker-21: Launching 02_spring_app - Application] INFO  o.a.m.s.f.DefaultMavenResourcesFiltering - Copying 1 resource from src\main\resources to target\classes
2024-04-25 21:48:12,744 [Worker-21: Launching 02_spring_app - Application] INFO  o.a.m.s.f.DefaultMavenResourcesFiltering - Copying 0 resource from src\main\resources to target\classes
2024-04-25 21:48:12,752 [Worker-21: Launching 02_spring_app - Application] INFO  o.a.m.s.f.DefaultMavenResourcesFiltering - skip non existing resourceDirectory C:\Users\abhimanyu kumar\Desktop\New folder (3)\02_spring_app\src\test\resources
2024-04-25 21:48:57,196 [Worker-21: Launching 02_spring_app - Application] INFO  o.a.m.s.f.DefaultMavenResourcesFiltering - Copying 1 resource from src\main\resources to target\classes
2024-04-25 21:48:57,211 [Worker-21: Launching 02_spring_app - Application] INFO  o.a.m.s.f.DefaultMavenResourcesFiltering - Copying 0 resource from src\main\resources to target\classes
2024-04-25 21:48:57,218 [Worker-21: Launching 02_spring_app - Application] INFO  o.a.m.s.f.DefaultMavenResourcesFiltering - skip non existing resourceDirectory C:\Users\abhimanyu kumar\Desktop\New folder (3)\02_spring_app\src\test\resources
2024-04-25 21:58:46,988 [Worker-20: Launching 02_spring_app - Application] INFO  o.a.m.s.f.DefaultMavenResourcesFiltering - Copying 1 resource from src\main\resources to target\classes
2024-04-25 21:58:47,009 [Worker-20: Launching 02_spring_app - Application] INFO  o.a.m.s.f.DefaultMavenResourcesFiltering - Copying 0 resource from src\main\resources to target\classes
2024-04-25 21:58:47,013 [Worker-20: Launching 02_spring_app - Application] INFO  o.a.m.s.f.DefaultMavenResourcesFiltering - skip non existing resourceDirectory C:\Users\abhimanyu kumar\Desktop\New folder (3)\02_spring_app\src\test\resources
2024-04-25 22:00:04,744 [Worker-22: Launching 02_spring_app - Application] INFO  o.a.m.s.f.DefaultMavenResourcesFiltering - Copying 1 resource from src\main\resources to target\classes
2024-04-25 22:00:04,750 [Worker-22: Launching 02_spring_app - Application] INFO  o.a.m.s.f.DefaultMavenResourcesFiltering - Copying 0 resource from src\main\resources to target\classes
2024-04-25 22:00:04,755 [Worker-22: Launching 02_spring_app - Application] INFO  o.a.m.s.f.DefaultMavenResourcesFiltering - skip non existing resourceDirectory C:\Users\abhimanyu kumar\Desktop\New folder (3)\02_spring_app\src\test\resources
2024-04-25 22:10:08,886 [Worker-31: Launching 02_spring_app - Application] INFO  o.a.m.s.f.DefaultMavenResourcesFiltering - Copying 1 resource from src\main\resources to target\classes
2024-04-25 22:10:08,895 [Worker-31: Launching 02_spring_app - Application] INFO  o.a.m.s.f.DefaultMavenResourcesFiltering - Copying 0 resource from src\main\resources to target\classes
2024-04-25 22:10:08,900 [Worker-31: Launching 02_spring_app - Application] INFO  o.a.m.s.f.DefaultMavenResourcesFiltering - skip non existing resourceDirectory C:\Users\abhimanyu kumar\Desktop\New folder (3)\02_spring_app\src\test\resources
2024-04-25 22:22:56,651 [Worker-41: Launching 02_spring_app - Application] INFO  o.a.m.s.f.DefaultMavenResourcesFiltering - Copying 1 resource from src\main\resources to target\classes
2024-04-25 22:22:56,658 [Worker-41: Launching 02_spring_app - Application] INFO  o.a.m.s.f.DefaultMavenResourcesFiltering - Copying 0 resource from src\main\resources to target\classes
2024-04-25 22:22:56,662 [Worker-41: Launching 02_spring_app - Application] INFO  o.a.m.s.f.DefaultMavenResourcesFiltering - skip non existing resourceDirectory C:\Users\abhimanyu kumar\Desktop\New folder (3)\02_spring_app\src\test\resources
2024-04-25 22:25:26,296 [Worker-41: Launching 02_spring_app - Application] INFO  o.a.m.s.f.DefaultMavenResourcesFiltering - Copying 1 resource from src\main\resources to target\classes
2024-04-25 22:25:26,302 [Worker-41: Launching 02_spring_app - Application] INFO  o.a.m.s.f.DefaultMavenResourcesFiltering - Copying 0 resource from src\main\resources to target\classes
2024-04-25 22:25:26,307 [Worker-41: Launching 02_spring_app - Application] INFO  o.a.m.s.f.DefaultMavenResourcesFiltering - skip non existing resourceDirectory C:\Users\abhimanyu kumar\Desktop\New folder (3)\02_spring_app\src\test\resources
2024-04-25 22:26:00,659 [Worker-47: Launching 02_spring_app - Application] INFO  o.a.m.s.f.DefaultMavenResourcesFiltering - Copying 1 resource from src\main\resources to target\classes
2024-04-25 22:26:00,673 [Worker-47: Launching 02_spring_app - Application] INFO  o.a.m.s.f.DefaultMavenResourcesFiltering - Copying 0 resource from src\main\resources to target\classes
2024-04-25 22:26:00,680 [Worker-47: Launching 02_spring_app - Application] INFO  o.a.m.s.f.DefaultMavenResourcesFiltering - skip non existing resourceDirectory C:\Users\abhimanyu kumar\Desktop\New folder (3)\02_spring_app\src\test\resources
2024-04-25 22:26:13,757 [Stop Help Server] INFO  org.eclipse.jetty.server.Server - Stopped oejs.Server@6eff232b{STOPPING}[12.0.6,sto=0]
2024-04-25 22:26:13,774 [Stop Help Server] INFO  o.e.jetty.server.AbstractConnector - Stopped ServerConnector@143ba92b{HTTP/1.1, (http/1.1)}{127.0.0.1:0}
2024-04-25 22:27:34,232 [Worker-0: Loading available Gradle versions] INFO  o.e.b.c.i.u.g.PublishedGradleVersions - Gradle version information cache is up-to-date. Trying to read.
2024-04-25 22:28:27,229 [Worker-3: Launching 02_spring_app - Application] INFO  o.a.m.s.f.DefaultMavenResourcesFiltering - Copying 1 resource from src\main\resources to target\classes
2024-04-25 22:28:27,276 [Worker-3: Launching 02_spring_app - Application] INFO  o.a.m.s.f.DefaultMavenResourcesFiltering - Copying 0 resource from src\main\resources to target\classes
2024-04-25 22:28:27,284 [Worker-3: Launching 02_spring_app - Application] INFO  o.a.m.s.f.DefaultMavenResourcesFiltering - skip non existing resourceDirectory C:\Users\abhimanyu kumar\Desktop\New folder (3)\02_spring_app\src\test\resources
2024-04-25 22:30:13,083 [Start Help Server] INFO  org.eclipse.jetty.server.Server - jetty-12.0.6; built: 2024-01-30T02:43:24.387Z; git: 78ab6e6ba163f89cdd97f2ae0283fbb5e371cfaf; jvm 17.0.10+7
2024-04-25 22:30:13,164 [Start Help Server] INFO  o.e.j.server.handler.ContextHandler - Started oeje8n.ContextHandler$CoreContextHandler@36801551{/help,/help,b=null,a=AVAILABLE,h=oeje8n.ContextHandler$CoreContextHandler$CoreToNestedHandler@45bcfaad{STARTED}}
2024-04-25 22:30:13,165 [Start Help Server] INFO  o.e.j.s.DefaultSessionIdManager - Session workerName=node0
2024-04-25 22:30:13,203 [Start Help Server] INFO  o.e.jetty.server.AbstractConnector - Started ServerConnector@65cee8a7{HTTP/1.1, (http/1.1)}{127.0.0.1:55355}
2024-04-25 22:30:13,229 [Start Help Server] INFO  org.eclipse.jetty.server.Server - Started oejs.Server@1ea7b22{STARTING}[12.0.6,sto=0] @196963ms
2024-04-25 22:31:10,331 [Worker-11: Launching 02_spring_app - Application] INFO  o.a.m.s.f.DefaultMavenResourcesFiltering - Copying 1 resource from src\main\resources to target\classes
2024-04-25 22:31:10,351 [Worker-11: Launching 02_spring_app - Application] INFO  o.a.m.s.f.DefaultMavenResourcesFiltering - Copying 0 resource from src\main\resources to target\classes
2024-04-25 22:31:10,359 [Worker-11: Launching 02_spring_app - Application] INFO  o.a.m.s.f.DefaultMavenResourcesFiltering - skip non existing resourceDirectory C:\Users\abhimanyu kumar\Desktop\New folder (3)\02_spring_app\src\test\resources
2024-04-25 23:07:57,026 [Worker-17: Building] INFO  o.a.m.s.f.DefaultMavenResourcesFiltering - Copying 1 resource from src\main\resources to target\classes
2024-04-25 23:07:57,049 [Worker-17: Building] INFO  o.a.m.s.f.DefaultMavenResourcesFiltering - Copying 0 resource from src\main\resources to target\classes
2024-04-25 23:07:57,055 [Worker-17: Building] INFO  o.a.m.s.f.DefaultMavenResourcesFiltering - skip non existing resourceDirectory C:\Users\abhimanyu kumar\Desktop\New folder (3)\02_spring_app\src\test\resources
2024-04-25 23:08:04,170 [Worker-16: Launching 02_spring_app - Application] INFO  o.a.m.s.f.DefaultMavenResourcesFiltering - Copying 1 resource from src\main\resources to target\classes
2024-04-25 23:08:04,190 [Worker-16: Launching 02_spring_app - Application] INFO  o.a.m.s.f.DefaultMavenResourcesFiltering - Copying 0 resource from src\main\resources to target\classes
2024-04-25 23:08:04,195 [Worker-16: Launching 02_spring_app - Application] INFO  o.a.m.s.f.DefaultMavenResourcesFiltering - skip non existing resourceDirectory C:\Users\abhimanyu kumar\Desktop\New folder (3)\02_spring_app\src\test\resources
2024-04-25 23:09:51,808 [Worker-20: Building] INFO  o.a.m.s.f.DefaultMavenResourcesFiltering - Copying 1 resource from src\main\resources to target\classes
2024-04-25 23:09:51,812 [Worker-20: Building] INFO  o.a.m.s.f.DefaultMavenResourcesFiltering - Copying 0 resource from src\main\resources to target\classes
2024-04-25 23:09:51,815 [Worker-20: Building] INFO  o.a.m.s.f.DefaultMavenResourcesFiltering - skip non existing resourceDirectory C:\Users\abhimanyu kumar\Desktop\New folder (3)\02_spring_app\src\test\resources
2024-04-25 23:11:14,696 [Worker-11: Building] INFO  o.a.m.s.f.DefaultMavenResourcesFiltering - Copying 1 resource from src\main\resources to target\classes
2024-04-25 23:11:14,700 [Worker-11: Building] INFO  o.a.m.s.f.DefaultMavenResourcesFiltering - Copying 0 resource from src\main\resources to target\classes
2024-04-25 23:11:14,703 [Worker-11: Building] INFO  o.a.m.s.f.DefaultMavenResourcesFiltering - skip non existing resourceDirectory C:\Users\abhimanyu kumar\Desktop\New folder (3)\02_spring_app\src\test\resources
2024-04-25 23:12:19,940 [Stop Help Server] INFO  org.eclipse.jetty.server.Server - Stopped oejs.Server@1ea7b22{STOPPING}[12.0.6,sto=0]
2024-04-25 23:12:19,944 [Stop Help Server] INFO  o.e.jetty.server.AbstractConnector - Stopped ServerConnector@65cee8a7{HTTP/1.1, (http/1.1)}{127.0.0.1:0}
2024-04-25 23:12:35,192 [Worker-3: Loading available Gradle versions] INFO  o.e.b.c.i.u.g.PublishedGradleVersions - Gradle version information cache is up-to-date. Trying to read.
2024-04-25 23:18:34,370 [Start Help Server] INFO  org.eclipse.jetty.server.Server - jetty-12.0.6; built: 2024-01-30T02:43:24.387Z; git: 78ab6e6ba163f89cdd97f2ae0283fbb5e371cfaf; jvm 17.0.10+7
2024-04-25 23:18:34,432 [Start Help Server] INFO  o.e.j.server.handler.ContextHandler - Started oeje8n.ContextHandler$CoreContextHandler@31320ef1{/help,/help,b=null,a=AVAILABLE,h=oeje8n.ContextHandler$CoreContextHandler$CoreToNestedHandler@35e220f5{STARTED}}
2024-04-25 23:18:34,433 [Start Help Server] INFO  o.e.j.s.DefaultSessionIdManager - Session workerName=node0
2024-04-25 23:18:34,477 [Start Help Server] INFO  o.e.jetty.server.AbstractConnector - Started ServerConnector@2d681966{HTTP/1.1, (http/1.1)}{127.0.0.1:55532}
2024-04-25 23:18:34,498 [Start Help Server] INFO  org.eclipse.jetty.server.Server - Started oejs.Server@1500a530{STARTING}[12.0.6,sto=0] @373795ms
2024-04-25 23:19:08,296 [Worker-18: Building] INFO  o.a.m.s.f.DefaultMavenResourcesFiltering - Copying 1 resource from src\main\resources to target\classes
2024-04-25 23:19:08,309 [Worker-18: Building] INFO  o.a.m.s.f.DefaultMavenResourcesFiltering - Copying 0 resource from src\main\resources to target\classes
2024-04-25 23:19:08,314 [Worker-18: Building] INFO  o.a.m.s.f.DefaultMavenResourcesFiltering - skip non existing resourceDirectory C:\Users\abhimanyu kumar\Desktop\New folder (3)\02_spring_app\src\test\resources
2024-04-25 23:19:44,895 [Worker-6: Building] INFO  o.a.m.s.f.DefaultMavenResourcesFiltering - Copying 1 resource from src\main\resources to target\classes
2024-04-25 23:19:44,899 [Worker-6: Building] INFO  o.a.m.s.f.DefaultMavenResourcesFiltering - Copying 0 resource from src\main\resources to target\classes
2024-04-25 23:19:44,902 [Worker-6: Building] INFO  o.a.m.s.f.DefaultMavenResourcesFiltering - skip non existing resourceDirectory C:\Users\abhimanyu kumar\Desktop\New folder (3)\02_spring_app\src\test\resources
2024-04-25 23:20:28,048 [Worker-19: Building] INFO  o.a.m.s.f.DefaultMavenResourcesFiltering - Copying 1 resource from src\main\resources to target\classes
2024-04-25 23:20:28,051 [Worker-19: Building] INFO  o.a.m.s.f.DefaultMavenResourcesFiltering - Copying 0 resource from src\main\resources to target\classes
2024-04-25 23:20:28,054 [Worker-19: Building] INFO  o.a.m.s.f.DefaultMavenResourcesFiltering - skip non existing resourceDirectory C:\Users\abhimanyu kumar\Desktop\New folder (3)\02_spring_app\src\test\resources
2024-04-25 23:23:31,034 [Worker-17: Launching 02_spring_app - Application] INFO  o.a.m.s.f.DefaultMavenResourcesFiltering - Copying 1 resource from src\main\resources to target\classes
2024-04-25 23:23:31,055 [Worker-17: Launching 02_spring_app - Application] INFO  o.a.m.s.f.DefaultMavenResourcesFiltering - Copying 0 resource from src\main\resources to target\classes
2024-04-25 23:23:31,061 [Worker-17: Launching 02_spring_app - Application] INFO  o.a.m.s.f.DefaultMavenResourcesFiltering - skip non existing resourceDirectory C:\Users\abhimanyu kumar\Desktop\New folder (3)\02_spring_app\src\test\resources
2024-04-25 23:33:53,934 [Worker-22: Launching 02_spring_app - Application] INFO  o.a.m.s.f.DefaultMavenResourcesFiltering - Copying 1 resource from src\main\resources to target\classes
2024-04-25 23:33:53,942 [Worker-22: Launching 02_spring_app - Application] INFO  o.a.m.s.f.DefaultMavenResourcesFiltering - Copying 0 resource from src\main\resources to target\classes
2024-04-25 23:33:53,947 [Worker-22: Launching 02_spring_app - Application] INFO  o.a.m.s.f.DefaultMavenResourcesFiltering - skip non existing resourceDirectory C:\Users\abhimanyu kumar\Desktop\New folder (3)\02_spring_app\src\test\resources
2024-04-25 23:34:25,016 [Worker-7: Launching 02_spring_app - Application] INFO  o.a.m.s.f.DefaultMavenResourcesFiltering - Copying 1 resource from src\main\resources to target\classes
2024-04-25 23:34:25,031 [Worker-7: Launching 02_spring_app - Application] INFO  o.a.m.s.f.DefaultMavenResourcesFiltering - Copying 0 resource from src\main\resources to target\classes
2024-04-25 23:34:25,037 [Worker-7: Launching 02_spring_app - Application] INFO  o.a.m.s.f.DefaultMavenResourcesFiltering - skip non existing resourceDirectory C:\Users\abhimanyu kumar\Desktop\New folder (3)\02_spring_app\src\test\resources
2024-04-25 23:34:33,965 [Stop Help Server] INFO  org.eclipse.jetty.server.Server - Stopped oejs.Server@1500a530{STOPPING}[12.0.6,sto=0]
2024-04-25 23:34:33,968 [Stop Help Server] INFO  o.e.jetty.server.AbstractConnector - Stopped ServerConnector@2d681966{HTTP/1.1, (http/1.1)}{127.0.0.1:0}
